android/app/build/intermediates/manifest_merge_blame_file/debug/processDebugMainManifest/manifest-merger-blame-debug-report.txt
1<?xml version="1.0" encoding="utf-8"?>
2<manifest xmlns:android="http://schemas.android.com/apk/res/android"
3    package="com.example.elderly_care_app"
4    android:versionCode="1"
5    android:versionName="1.0.0" >
6
7    <uses-sdk
8        android:minSdkVersion="23"
9        android:targetSdkVersion="35" />
10    <!--
11         The INTERNET permission is required for development. Specifically,
12         the Flutter tool needs it to communicate with the running application
13         to allow setting breakpoints, to provide hot reload, etc.
14    -->
15    <uses-permission android:name="android.permission.INTERNET" />
15-->src\main\AndroidManifest.xml:3:5-67
15-->src\main\AndroidManifest.xml:3:22-64
16    <!-- Notification Permissions -->
17    <uses-permission android:name="android.permission.POST_NOTIFICATIONS" />
17-->src\main\AndroidManifest.xml:5:5-77
17-->src\main\AndroidManifest.xml:5:22-74
18    <uses-permission android:name="android.permission.VIBRATE" />
18-->src\main\AndroidManifest.xml:6:5-66
18-->src\main\AndroidManifest.xml:6:22-63
19    <uses-permission android:name="android.permission.RECEIVE_BOOT_COMPLETED" />
19-->src\main\AndroidManifest.xml:7:5-81
19-->src\main\AndroidManifest.xml:7:22-78
20    <!--
21 Required to query activities that can process text, see:
22         https://developer.android.com/training/package-visibility and
23         https://developer.android.com/reference/android/content/Intent#ACTION_PROCESS_TEXT.
24
25         In particular, this is used by the Flutter engine in io.flutter.plugin.text.ProcessTextPlugin.
26    -->
27    <queries>
27-->src\main\AndroidManifest.xml:63:5-68:15
28        <intent>
28-->src\main\AndroidManifest.xml:64:9-67:18
29            <action android:name="android.intent.action.PROCESS_TEXT" />
29-->src\main\AndroidManifest.xml:65:13-72
29-->src\main\AndroidManifest.xml:65:21-70
30
31            <data android:mimeType="text/plain" />
31-->src\main\AndroidManifest.xml:66:13-50
31-->src\main\AndroidManifest.xml:66:19-48
32        </intent>
33        <!-- Needs to be explicitly declared on Android R+ -->
34        <package android:name="com.google.android.apps.maps" />
34-->[com.google.android.gms:play-services-maps:18.2.0] AndroidManifest.xml:33:9-64
34-->[com.google.android.gms:play-services-maps:18.2.0] AndroidManifest.xml:33:18-61
35    </queries>
36
37    <uses-permission android:name="android.permission.ACCESS_COARSE_LOCATION" />
37-->[:location] AndroidManifest.xml:7:5-81
37-->[:location] AndroidManifest.xml:7:22-78
38    <uses-permission android:name="android.permission.ACCESS_FINE_LOCATION" />
38-->[:location] AndroidManifest.xml:8:5-79
38-->[:location] AndroidManifest.xml:8:22-76
39    <uses-permission android:name="android.permission.WAKE_LOCK" />
39-->[:firebase_messaging] AndroidManifest.xml:8:5-68
39-->[:firebase_messaging] AndroidManifest.xml:8:22-65
40    <uses-permission android:name="android.permission.ACCESS_NETWORK_STATE" /> <!-- Create a unique permission for your app and use it so only your app can receive your OneSignal messages. -->
40-->[:firebase_messaging] AndroidManifest.xml:9:5-79
40-->[:firebase_messaging] AndroidManifest.xml:9:22-76
41    <permission
41-->[com.onesignal:OneSignal:4.8.10] AndroidManifest.xml:7:5-9:47
42        android:name="com.example.elderly_care_app.permission.C2D_MESSAGE"
42-->[com.onesignal:OneSignal:4.8.10] AndroidManifest.xml:8:9-63
43        android:protectionLevel="signature" />
43-->[com.onesignal:OneSignal:4.8.10] AndroidManifest.xml:9:9-44
44
45    <uses-permission android:name="com.example.elderly_care_app.permission.C2D_MESSAGE" /> <!-- c2dm RECEIVE are basic requirements for push messages through Google's FCM -->
45-->[com.onesignal:OneSignal:4.8.10] AndroidManifest.xml:11:5-79
45-->[com.onesignal:OneSignal:4.8.10] AndroidManifest.xml:11:22-76
46    <uses-permission android:name="com.google.android.c2dm.permission.RECEIVE" /> <!-- START: ShortcutBadger -->
46-->[com.onesignal:OneSignal:4.8.10] AndroidManifest.xml:18:5-82
46-->[com.onesignal:OneSignal:4.8.10] AndroidManifest.xml:18:22-79
47    <!-- Samsung -->
48    <uses-permission android:name="com.sec.android.provider.badge.permission.READ" />
48-->[com.onesignal:OneSignal:4.8.10] AndroidManifest.xml:32:5-86
48-->[com.onesignal:OneSignal:4.8.10] AndroidManifest.xml:32:22-83
49    <uses-permission android:name="com.sec.android.provider.badge.permission.WRITE" /> <!-- HTC -->
49-->[com.onesignal:OneSignal:4.8.10] AndroidManifest.xml:33:5-87
49-->[com.onesignal:OneSignal:4.8.10] AndroidManifest.xml:33:22-84
50    <uses-permission android:name="com.htc.launcher.permission.READ_SETTINGS" />
50-->[com.onesignal:OneSignal:4.8.10] AndroidManifest.xml:34:5-81
50-->[com.onesignal:OneSignal:4.8.10] AndroidManifest.xml:34:22-78
51    <uses-permission android:name="com.htc.launcher.permission.UPDATE_SHORTCUT" /> <!-- Sony -->
51-->[com.onesignal:OneSignal:4.8.10] AndroidManifest.xml:35:5-83
51-->[com.onesignal:OneSignal:4.8.10] AndroidManifest.xml:35:22-80
52    <uses-permission android:name="com.sonyericsson.home.permission.BROADCAST_BADGE" />
52-->[com.onesignal:OneSignal:4.8.10] AndroidManifest.xml:36:5-88
52-->[com.onesignal:OneSignal:4.8.10] AndroidManifest.xml:36:22-85
53    <uses-permission android:name="com.sonymobile.home.permission.PROVIDER_INSERT_BADGE" /> <!-- Apex -->
53-->[com.onesignal:OneSignal:4.8.10] AndroidManifest.xml:37:5-92
53-->[com.onesignal:OneSignal:4.8.10] AndroidManifest.xml:37:22-89
54    <uses-permission android:name="com.anddoes.launcher.permission.UPDATE_COUNT" /> <!-- Solid -->
54-->[com.onesignal:OneSignal:4.8.10] AndroidManifest.xml:38:5-84
54-->[com.onesignal:OneSignal:4.8.10] AndroidManifest.xml:38:22-81
55    <uses-permission android:name="com.majeur.launcher.permission.UPDATE_BADGE" /> <!-- Huawei -->
55-->[com.onesignal:OneSignal:4.8.10] AndroidManifest.xml:39:5-83
55-->[com.onesignal:OneSignal:4.8.10] AndroidManifest.xml:39:22-80
56    <uses-permission android:name="com.huawei.android.launcher.permission.CHANGE_BADGE" />
56-->[com.onesignal:OneSignal:4.8.10] AndroidManifest.xml:40:5-91
56-->[com.onesignal:OneSignal:4.8.10] AndroidManifest.xml:40:22-88
57    <uses-permission android:name="com.huawei.android.launcher.permission.READ_SETTINGS" />
57-->[com.onesignal:OneSignal:4.8.10] AndroidManifest.xml:41:5-92
57-->[com.onesignal:OneSignal:4.8.10] AndroidManifest.xml:41:22-89
58    <uses-permission android:name="com.huawei.android.launcher.permission.WRITE_SETTINGS" /> <!-- ZUK -->
58-->[com.onesignal:OneSignal:4.8.10] AndroidManifest.xml:42:5-93
58-->[com.onesignal:OneSignal:4.8.10] AndroidManifest.xml:42:22-90
59    <uses-permission android:name="android.permission.READ_APP_BADGE" /> <!-- OPPO -->
59-->[com.onesignal:OneSignal:4.8.10] AndroidManifest.xml:43:5-73
59-->[com.onesignal:OneSignal:4.8.10] AndroidManifest.xml:43:22-70
60    <uses-permission android:name="com.oppo.launcher.permission.READ_SETTINGS" />
60-->[com.onesignal:OneSignal:4.8.10] AndroidManifest.xml:44:5-82
60-->[com.onesignal:OneSignal:4.8.10] AndroidManifest.xml:44:22-79
61    <uses-permission android:name="com.oppo.launcher.permission.WRITE_SETTINGS" /> <!-- EvMe -->
61-->[com.onesignal:OneSignal:4.8.10] AndroidManifest.xml:45:5-83
61-->[com.onesignal:OneSignal:4.8.10] AndroidManifest.xml:45:22-80
62    <uses-permission android:name="me.everything.badger.permission.BADGE_COUNT_READ" />
62-->[com.onesignal:OneSignal:4.8.10] AndroidManifest.xml:46:5-88
62-->[com.onesignal:OneSignal:4.8.10] AndroidManifest.xml:46:22-85
63    <uses-permission android:name="me.everything.badger.permission.BADGE_COUNT_WRITE" />
63-->[com.onesignal:OneSignal:4.8.10] AndroidManifest.xml:47:5-89
63-->[com.onesignal:OneSignal:4.8.10] AndroidManifest.xml:47:22-86
64    <uses-permission android:name="android.permission.USE_FULL_SCREEN_INTENT" />
64-->[:flutter_local_notifications] AndroidManifest.xml:9:5-81
64-->[:flutter_local_notifications] AndroidManifest.xml:9:22-78
65    <uses-permission android:name="android.permission.SCHEDULE_EXACT_ALARM" />
65-->[:flutter_local_notifications] AndroidManifest.xml:10:5-79
65-->[:flutter_local_notifications] AndroidManifest.xml:10:22-76
66
67    <uses-feature
67-->[com.google.android.gms:play-services-maps:18.2.0] AndroidManifest.xml:26:5-28:35
68        android:glEsVersion="0x00020000"
68-->[com.google.android.gms:play-services-maps:18.2.0] AndroidManifest.xml:27:9-41
69        android:required="true" />
69-->[com.google.android.gms:play-services-maps:18.2.0] AndroidManifest.xml:28:9-32
70
71    <uses-permission android:name="com.google.android.providers.gsf.permission.READ_GSERVICES" />
71-->[com.google.android.recaptcha:recaptcha:18.4.0] AndroidManifest.xml:9:5-98
71-->[com.google.android.recaptcha:recaptcha:18.4.0] AndroidManifest.xml:9:22-95
72    <uses-permission android:name="android.permission.FOREGROUND_SERVICE" />
72-->[androidx.work:work-runtime:2.7.1] AndroidManifest.xml:28:5-77
72-->[androidx.work:work-runtime:2.7.1] AndroidManifest.xml:28:22-74
73
74    <permission
74-->[androidx.core:core:1.13.1] AndroidManifest.xml:22:5-24:47
75        android:name="com.example.elderly_care_app.DYNAMIC_RECEIVER_NOT_EXPORTED_PERMISSION"
75-->[androidx.core:core:1.13.1] AndroidManifest.xml:23:9-81
76        android:protectionLevel="signature" />
76-->[androidx.core:core:1.13.1] AndroidManifest.xml:24:9-44
77
78    <uses-permission android:name="com.example.elderly_care_app.DYNAMIC_RECEIVER_NOT_EXPORTED_PERMISSION" />
78-->[androidx.core:core:1.13.1] AndroidManifest.xml:26:5-97
78-->[androidx.core:core:1.13.1] AndroidManifest.xml:26:22-94
79
80    <application
81        android:name="android.app.Application"
82        android:appComponentFactory="androidx.core.app.CoreComponentFactory"
82-->[androidx.core:core:1.13.1] AndroidManifest.xml:28:18-86
83        android:debuggable="true"
84        android:extractNativeLibs="false"
85        android:icon="@mipmap/ic_launcher"
86        android:label="elderly_care_app" >
87        <meta-data
88            android:name="com.onesignal.AppId"
89            android:value="b00dcbca-ae9e-4275-b465-20370bb2a03f" />
90        <meta-data
91            android:name="com.google.firebase.messaging.default_notification_channel_id"
92            android:value="high_importance_channel" />
93
94        <service
95            android:name="io.flutter.plugins.firebase.messaging.FlutterFirebaseMessagingService"
96            android:exported="false" >
97            <intent-filter>
97-->[com.google.firebase:firebase-messaging:24.0.0] AndroidManifest.xml:50:13-52:29
98                <action android:name="com.google.firebase.MESSAGING_EVENT" />
98-->[com.google.firebase:firebase-messaging:24.0.0] AndroidManifest.xml:51:17-78
98-->[com.google.firebase:firebase-messaging:24.0.0] AndroidManifest.xml:51:25-75
99            </intent-filter>
100        </service>
101
102        <activity
103            android:name="com.example.elderly_care_app.MainActivity"
104            android:configChanges="orientation|keyboardHidden|keyboard|screenSize|smallestScreenSize|locale|layoutDirection|fontScale|screenLayout|density|uiMode"
105            android:exported="true"
106            android:hardwareAccelerated="true"
107            android:launchMode="singleTop"
108            android:taskAffinity=""
109            android:theme="@style/LaunchTheme"
110            android:windowSoftInputMode="adjustResize" >
111
112            <!--
113                 Specifies an Android theme to apply to this Activity as soon as
114                 the Android process has started. This theme is visible to the user
115                 while the Flutter UI initializes. After that, this theme continues
116                 to determine the Window background behind the Flutter UI.
117            -->
118            <meta-data
119                android:name="io.flutter.embedding.android.NormalTheme"
120                android:resource="@style/NormalTheme" />
121
122            <intent-filter>
123                <action android:name="android.intent.action.MAIN" />
124
125                <category android:name="android.intent.category.LAUNCHER" />
126            </intent-filter>
127        </activity>
128        <!--
129             Don't delete the meta-data below.
130             This is used by the Flutter tool to generate GeneratedPluginRegistrant.java
131        -->
132        <meta-data
133            android:name="flutterEmbedding"
134            android:value="2" />
135
136        <service
136-->[:location] AndroidManifest.xml:11:9-15:56
137            android:name="com.lyokone.location.FlutterLocationService"
137-->[:location] AndroidManifest.xml:12:13-71
138            android:enabled="true"
138-->[:location] AndroidManifest.xml:13:13-35
139            android:exported="false"
139-->[:location] AndroidManifest.xml:14:13-37
140            android:foregroundServiceType="location" />
140-->[:location] AndroidManifest.xml:15:13-53
141        <service
141-->[:cloud_firestore] AndroidManifest.xml:8:9-12:19
142            android:name="com.google.firebase.components.ComponentDiscoveryService"
142-->[:cloud_firestore] AndroidManifest.xml:8:18-89
143            android:directBootAware="true"
143-->[com.google.firebase:firebase-common:21.0.0] AndroidManifest.xml:32:13-43
144            android:exported="false" >
144-->[com.google.firebase:firebase-firestore:25.0.0] AndroidManifest.xml:16:13-37
145            <meta-data
145-->[:cloud_firestore] AndroidManifest.xml:9:13-11:85
146                android:name="com.google.firebase.components:io.flutter.plugins.firebase.firestore.FlutterFirebaseFirestoreRegistrar"
146-->[:cloud_firestore] AndroidManifest.xml:10:17-134
147                android:value="com.google.firebase.components.ComponentRegistrar" />
147-->[:cloud_firestore] AndroidManifest.xml:11:17-82
148            <meta-data
148-->[:firebase_auth] AndroidManifest.xml:9:13-11:85
149                android:name="com.google.firebase.components:io.flutter.plugins.firebase.auth.FlutterFirebaseAuthRegistrar"
149-->[:firebase_auth] AndroidManifest.xml:10:17-124
150                android:value="com.google.firebase.components.ComponentRegistrar" />
150-->[:firebase_auth] AndroidManifest.xml:11:17-82
151            <meta-data
151-->[:firebase_messaging] AndroidManifest.xml:36:13-38:85
152                android:name="com.google.firebase.components:io.flutter.plugins.firebase.messaging.FlutterFirebaseAppRegistrar"
152-->[:firebase_messaging] AndroidManifest.xml:37:17-128
153                android:value="com.google.firebase.components.ComponentRegistrar" />
153-->[:firebase_messaging] AndroidManifest.xml:38:17-82
154            <meta-data
154-->[:firebase_storage] AndroidManifest.xml:9:13-11:85
155                android:name="com.google.firebase.components:io.flutter.plugins.firebase.storage.FlutterFirebaseAppRegistrar"
155-->[:firebase_storage] AndroidManifest.xml:10:17-126
156                android:value="com.google.firebase.components.ComponentRegistrar" />
156-->[:firebase_storage] AndroidManifest.xml:11:17-82
157            <meta-data
157-->[:firebase_core] AndroidManifest.xml:9:13-11:85
158                android:name="com.google.firebase.components:io.flutter.plugins.firebase.core.FlutterFirebaseCoreRegistrar"
158-->[:firebase_core] AndroidManifest.xml:10:17-124
159                android:value="com.google.firebase.components.ComponentRegistrar" />
159-->[:firebase_core] AndroidManifest.xml:11:17-82
160            <meta-data
160-->[com.google.firebase:firebase-firestore:25.0.0] AndroidManifest.xml:17:13-19:85
161                android:name="com.google.firebase.components:com.google.firebase.firestore.FirebaseFirestoreKtxRegistrar"
161-->[com.google.firebase:firebase-firestore:25.0.0] AndroidManifest.xml:18:17-122
162                android:value="com.google.firebase.components.ComponentRegistrar" />
162-->[com.google.firebase:firebase-firestore:25.0.0] AndroidManifest.xml:19:17-82
163            <meta-data
163-->[com.google.firebase:firebase-firestore:25.0.0] AndroidManifest.xml:20:13-22:85
164                android:name="com.google.firebase.components:com.google.firebase.firestore.FirestoreRegistrar"
164-->[com.google.firebase:firebase-firestore:25.0.0] AndroidManifest.xml:21:17-111
165                android:value="com.google.firebase.components.ComponentRegistrar" />
165-->[com.google.firebase:firebase-firestore:25.0.0] AndroidManifest.xml:22:17-82
166            <meta-data
166-->[com.google.firebase:firebase-auth:23.0.0] AndroidManifest.xml:69:13-71:85
167                android:name="com.google.firebase.components:com.google.firebase.auth.FirebaseAuthRegistrar"
167-->[com.google.firebase:firebase-auth:23.0.0] AndroidManifest.xml:70:17-109
168                android:value="com.google.firebase.components.ComponentRegistrar" />
168-->[com.google.firebase:firebase-auth:23.0.0] AndroidManifest.xml:71:17-82
169            <meta-data
169-->[com.google.firebase:firebase-messaging:24.0.0] AndroidManifest.xml:57:13-59:85
170                android:name="com.google.firebase.components:com.google.firebase.messaging.FirebaseMessagingKtxRegistrar"
170-->[com.google.firebase:firebase-messaging:24.0.0] AndroidManifest.xml:58:17-122
171                android:value="com.google.firebase.components.ComponentRegistrar" />
171-->[com.google.firebase:firebase-messaging:24.0.0] AndroidManifest.xml:59:17-82
172            <meta-data
172-->[com.google.firebase:firebase-messaging:24.0.0] AndroidManifest.xml:60:13-62:85
173                android:name="com.google.firebase.components:com.google.firebase.messaging.FirebaseMessagingRegistrar"
173-->[com.google.firebase:firebase-messaging:24.0.0] AndroidManifest.xml:61:17-119
174                android:value="com.google.firebase.components.ComponentRegistrar" />
174-->[com.google.firebase:firebase-messaging:24.0.0] AndroidManifest.xml:62:17-82
175            <meta-data
175-->[com.google.firebase:firebase-storage:21.0.0] AndroidManifest.xml:30:13-32:85
176                android:name="com.google.firebase.components:com.google.firebase.storage.FirebaseStorageKtxRegistrar"
176-->[com.google.firebase:firebase-storage:21.0.0] AndroidManifest.xml:31:17-118
177                android:value="com.google.firebase.components.ComponentRegistrar" />
177-->[com.google.firebase:firebase-storage:21.0.0] AndroidManifest.xml:32:17-82
178            <meta-data
178-->[com.google.firebase:firebase-storage:21.0.0] AndroidManifest.xml:33:13-35:85
179                android:name="com.google.firebase.components:com.google.firebase.storage.StorageRegistrar"
179-->[com.google.firebase:firebase-storage:21.0.0] AndroidManifest.xml:34:17-107
180                android:value="com.google.firebase.components.ComponentRegistrar" />
180-->[com.google.firebase:firebase-storage:21.0.0] AndroidManifest.xml:35:17-82
181            <meta-data
181-->[com.google.firebase:firebase-installations:18.0.0] AndroidManifest.xml:15:13-17:85
182                android:name="com.google.firebase.components:com.google.firebase.installations.FirebaseInstallationsKtxRegistrar"
182-->[com.google.firebase:firebase-installations:18.0.0] AndroidManifest.xml:16:17-130
183                android:value="com.google.firebase.components.ComponentRegistrar" />
183-->[com.google.firebase:firebase-installations:18.0.0] AndroidManifest.xml:17:17-82
184            <meta-data
184-->[com.google.firebase:firebase-installations:18.0.0] AndroidManifest.xml:18:13-20:85
185                android:name="com.google.firebase.components:com.google.firebase.installations.FirebaseInstallationsRegistrar"
185-->[com.google.firebase:firebase-installations:18.0.0] AndroidManifest.xml:19:17-127
186                android:value="com.google.firebase.components.ComponentRegistrar" />
186-->[com.google.firebase:firebase-installations:18.0.0] AndroidManifest.xml:20:17-82
187            <meta-data
187-->[com.google.firebase:firebase-appcheck:18.0.0] AndroidManifest.xml:25:13-27:85
188                android:name="com.google.firebase.components:com.google.firebase.appcheck.FirebaseAppCheckKtxRegistrar"
188-->[com.google.firebase:firebase-appcheck:18.0.0] AndroidManifest.xml:26:17-120
189                android:value="com.google.firebase.components.ComponentRegistrar" />
189-->[com.google.firebase:firebase-appcheck:18.0.0] AndroidManifest.xml:27:17-82
190            <meta-data
190-->[com.google.firebase:firebase-appcheck:18.0.0] AndroidManifest.xml:28:13-30:85
191                android:name="com.google.firebase.components:com.google.firebase.appcheck.FirebaseAppCheckRegistrar"
191-->[com.google.firebase:firebase-appcheck:18.0.0] AndroidManifest.xml:29:17-117
192                android:value="com.google.firebase.components.ComponentRegistrar" />
192-->[com.google.firebase:firebase-appcheck:18.0.0] AndroidManifest.xml:30:17-82
193            <meta-data
193-->[com.google.firebase:firebase-common-ktx:21.0.0] AndroidManifest.xml:12:13-14:85
194                android:name="com.google.firebase.components:com.google.firebase.ktx.FirebaseCommonLegacyRegistrar"
194-->[com.google.firebase:firebase-common-ktx:21.0.0] AndroidManifest.xml:13:17-116
195                android:value="com.google.firebase.components.ComponentRegistrar" />
195-->[com.google.firebase:firebase-common-ktx:21.0.0] AndroidManifest.xml:14:17-82
196            <meta-data
196-->[com.google.firebase:firebase-common:21.0.0] AndroidManifest.xml:35:13-37:85
197                android:name="com.google.firebase.components:com.google.firebase.FirebaseCommonKtxRegistrar"
197-->[com.google.firebase:firebase-common:21.0.0] AndroidManifest.xml:36:17-109
198                android:value="com.google.firebase.components.ComponentRegistrar" />
198-->[com.google.firebase:firebase-common:21.0.0] AndroidManifest.xml:37:17-82
199            <meta-data
199-->[com.google.firebase:firebase-datatransport:18.2.0] AndroidManifest.xml:25:13-27:85
200                android:name="com.google.firebase.components:com.google.firebase.datatransport.TransportRegistrar"
200-->[com.google.firebase:firebase-datatransport:18.2.0] AndroidManifest.xml:26:17-115
201                android:value="com.google.firebase.components.ComponentRegistrar" />
201-->[com.google.firebase:firebase-datatransport:18.2.0] AndroidManifest.xml:27:17-82
202        </service>
203        <service
203-->[:firebase_messaging] AndroidManifest.xml:14:9-17:72
204            android:name="io.flutter.plugins.firebase.messaging.FlutterFirebaseMessagingBackgroundService"
204-->[:firebase_messaging] AndroidManifest.xml:15:13-107
205            android:exported="false"
205-->[:firebase_messaging] AndroidManifest.xml:16:13-37
206            android:permission="android.permission.BIND_JOB_SERVICE" />
206-->[:firebase_messaging] AndroidManifest.xml:17:13-69
207
208        <receiver
208-->[:firebase_messaging] AndroidManifest.xml:26:9-33:20
209            android:name="io.flutter.plugins.firebase.messaging.FlutterFirebaseMessagingReceiver"
209-->[:firebase_messaging] AndroidManifest.xml:27:13-98
210            android:exported="true"
210-->[:firebase_messaging] AndroidManifest.xml:28:13-36
211            android:permission="com.google.android.c2dm.permission.SEND" >
211-->[:firebase_messaging] AndroidManifest.xml:29:13-73
212            <intent-filter>
212-->[:firebase_messaging] AndroidManifest.xml:30:13-32:29
213                <action android:name="com.google.android.c2dm.intent.RECEIVE" />
213-->[:firebase_messaging] AndroidManifest.xml:31:17-81
213-->[:firebase_messaging] AndroidManifest.xml:31:25-78
214            </intent-filter>
215        </receiver>
216
217        <provider
217-->[:firebase_messaging] AndroidManifest.xml:41:9-45:38
218            android:name="io.flutter.plugins.firebase.messaging.FlutterFirebaseMessagingInitProvider"
218-->[:firebase_messaging] AndroidManifest.xml:42:13-102
219            android:authorities="com.example.elderly_care_app.flutterfirebasemessaginginitprovider"
219-->[:firebase_messaging] AndroidManifest.xml:43:13-88
220            android:exported="false"
220-->[:firebase_messaging] AndroidManifest.xml:44:13-37
221            android:initOrder="99" />
221-->[:firebase_messaging] AndroidManifest.xml:45:13-35
222
223        <activity
223-->[com.google.firebase:firebase-auth:23.0.0] AndroidManifest.xml:29:9-46:20
224            android:name="com.google.firebase.auth.internal.GenericIdpActivity"
224-->[com.google.firebase:firebase-auth:23.0.0] AndroidManifest.xml:30:13-80
225            android:excludeFromRecents="true"
225-->[com.google.firebase:firebase-auth:23.0.0] AndroidManifest.xml:31:13-46
226            android:exported="true"
226-->[com.google.firebase:firebase-auth:23.0.0] AndroidManifest.xml:32:13-36
227            android:launchMode="singleTask"
227-->[com.google.firebase:firebase-auth:23.0.0] AndroidManifest.xml:33:13-44
228            android:theme="@android:style/Theme.Translucent.NoTitleBar" >
228-->[com.google.firebase:firebase-auth:23.0.0] AndroidManifest.xml:34:13-72
229            <intent-filter>
229-->[com.google.firebase:firebase-auth:23.0.0] AndroidManifest.xml:35:13-45:29
230                <action android:name="android.intent.action.VIEW" />
230-->[com.google.firebase:firebase-auth:23.0.0] AndroidManifest.xml:36:17-69
230-->[com.google.firebase:firebase-auth:23.0.0] AndroidManifest.xml:36:25-66
231
232                <category android:name="android.intent.category.DEFAULT" />
232-->[com.google.firebase:firebase-auth:23.0.0] AndroidManifest.xml:38:17-76
232-->[com.google.firebase:firebase-auth:23.0.0] AndroidManifest.xml:38:27-73
233                <category android:name="android.intent.category.BROWSABLE" />
233-->[com.google.firebase:firebase-auth:23.0.0] AndroidManifest.xml:39:17-78
233-->[com.google.firebase:firebase-auth:23.0.0] AndroidManifest.xml:39:27-75
234
235                <data
235-->src\main\AndroidManifest.xml:66:13-50
236                    android:host="firebase.auth"
237                    android:path="/"
238                    android:scheme="genericidp" />
239            </intent-filter>
240        </activity>
241        <activity
241-->[com.google.firebase:firebase-auth:23.0.0] AndroidManifest.xml:47:9-64:20
242            android:name="com.google.firebase.auth.internal.RecaptchaActivity"
242-->[com.google.firebase:firebase-auth:23.0.0] AndroidManifest.xml:48:13-79
243            android:excludeFromRecents="true"
243-->[com.google.firebase:firebase-auth:23.0.0] AndroidManifest.xml:49:13-46
244            android:exported="true"
244-->[com.google.firebase:firebase-auth:23.0.0] AndroidManifest.xml:50:13-36
245            android:launchMode="singleTask"
245-->[com.google.firebase:firebase-auth:23.0.0] AndroidManifest.xml:51:13-44
246            android:theme="@android:style/Theme.Translucent.NoTitleBar" >
246-->[com.google.firebase:firebase-auth:23.0.0] AndroidManifest.xml:52:13-72
247            <intent-filter>
247-->[com.google.firebase:firebase-auth:23.0.0] AndroidManifest.xml:53:13-63:29
248                <action android:name="android.intent.action.VIEW" />
248-->[com.google.firebase:firebase-auth:23.0.0] AndroidManifest.xml:36:17-69
248-->[com.google.firebase:firebase-auth:23.0.0] AndroidManifest.xml:36:25-66
249
250                <category android:name="android.intent.category.DEFAULT" />
250-->[com.google.firebase:firebase-auth:23.0.0] AndroidManifest.xml:38:17-76
250-->[com.google.firebase:firebase-auth:23.0.0] AndroidManifest.xml:38:27-73
251                <category android:name="android.intent.category.BROWSABLE" />
251-->[com.google.firebase:firebase-auth:23.0.0] AndroidManifest.xml:39:17-78
251-->[com.google.firebase:firebase-auth:23.0.0] AndroidManifest.xml:39:27-75
252
253                <data
253-->src\main\AndroidManifest.xml:66:13-50
254                    android:host="firebase.auth"
255                    android:path="/"
256                    android:scheme="recaptcha" />
257            </intent-filter>
258        </activity>
259
260        <receiver
260-->[com.onesignal:OneSignal:4.8.10] AndroidManifest.xml:50:9-61:20
261            android:name="com.onesignal.FCMBroadcastReceiver"
261-->[com.onesignal:OneSignal:4.8.10] AndroidManifest.xml:51:13-62
262            android:exported="true"
262-->[com.onesignal:OneSignal:4.8.10] AndroidManifest.xml:52:13-36
263            android:permission="com.google.android.c2dm.permission.SEND" >
263-->[com.onesignal:OneSignal:4.8.10] AndroidManifest.xml:53:13-73
264
265            <!-- High priority so OneSignal payloads can be filtered from other FCM receivers -->
266            <intent-filter android:priority="999" >
266-->[com.onesignal:OneSignal:4.8.10] AndroidManifest.xml:56:13-60:29
266-->[com.onesignal:OneSignal:4.8.10] AndroidManifest.xml:56:28-50
267                <action android:name="com.google.android.c2dm.intent.RECEIVE" />
267-->[:firebase_messaging] AndroidManifest.xml:31:17-81
267-->[:firebase_messaging] AndroidManifest.xml:31:25-78
268
269                <category android:name="com.example.elderly_care_app" />
269-->[com.onesignal:OneSignal:4.8.10] AndroidManifest.xml:59:17-61
269-->[com.onesignal:OneSignal:4.8.10] AndroidManifest.xml:59:27-58
270            </intent-filter>
271        </receiver>
272
273        <service
273-->[com.onesignal:OneSignal:4.8.10] AndroidManifest.xml:63:9-69:19
274            android:name="com.onesignal.HmsMessageServiceOneSignal"
274-->[com.onesignal:OneSignal:4.8.10] AndroidManifest.xml:64:13-68
275            android:exported="false" >
275-->[com.onesignal:OneSignal:4.8.10] AndroidManifest.xml:65:13-37
276            <intent-filter>
276-->[com.onesignal:OneSignal:4.8.10] AndroidManifest.xml:66:13-68:29
277                <action android:name="com.huawei.push.action.MESSAGING_EVENT" />
277-->[com.onesignal:OneSignal:4.8.10] AndroidManifest.xml:67:17-81
277-->[com.onesignal:OneSignal:4.8.10] AndroidManifest.xml:67:25-78
278            </intent-filter>
279        </service>
280
281        <activity